[2026-01-20T02:58:27.394+0000] {taskinstance.py:1956} INFO - Dependencies all met for dep_context=non-requeueable deps ti=<TaskInstance: etl_dag.extract manual__2026-01-20T02:58:23.280478+00:00 [queued]>
[2026-01-20T02:58:27.404+0000] {taskinstance.py:1956} INFO - Dependencies all met for dep_context=requeueable deps ti=<TaskInstance: etl_dag.extract manual__2026-01-20T02:58:23.280478+00:00 [queued]>
[2026-01-20T02:58:27.404+0000] {taskinstance.py:2170} INFO - Starting attempt 1 of 1
[2026-01-20T02:58:27.428+0000] {taskinstance.py:2191} INFO - Executing <Task(_PythonDecoratedOperator): extract> on 2026-01-20 02:58:23.280478+00:00
[2026-01-20T02:58:27.443+0000] {standard_task_runner.py:60} INFO - Started process 10052 to run task
[2026-01-20T02:58:27.447+0000] {standard_task_runner.py:87} INFO - Running: ['***', 'tasks', 'run', 'etl_dag', 'extract', 'manual__2026-01-20T02:58:23.280478+00:00', '--job-id', '8', '--raw', '--subdir', 'DAGS_FOLDER/etl.py', '--cfg-path', '/tmp/tmp9h_z0i87']
[2026-01-20T02:58:27.450+0000] {standard_task_runner.py:88} INFO - Job 8: Subtask extract
[2026-01-20T02:58:27.512+0000] {task_command.py:423} INFO - Running <TaskInstance: etl_dag.extract manual__2026-01-20T02:58:23.280478+00:00 [running]> on host 8556d083bb74
[2026-01-20T02:58:27.628+0000] {taskinstance.py:2480} INFO - Exporting env vars: AIRFLOW_CTX_DAG_OWNER='***' AIRFLOW_CTX_DAG_ID='etl_dag' AIRFLOW_CTX_TASK_ID='extract' AIRFLOW_CTX_EXECUTION_DATE='2026-01-20T02:58:23.280478+00:00' AIRFLOW_CTX_TRY_NUMBER='1' AIRFLOW_CTX_DAG_RUN_ID='manual__2026-01-20T02:58:23.280478+00:00'
[2026-01-20T02:58:31.160+0000] {taskinstance.py:2698} ERROR - Task failed with exception
Traceback (most recent call last):
  File "/home/airflow/.local/lib/python3.8/site-packages/pandas/core/indexes/base.py", line 3653, in get_loc
    return self._engine.get_loc(casted_key)
  File "pandas/_libs/index.pyx", line 147, in pandas._libs.index.IndexEngine.get_loc
  File "pandas/_libs/index.pyx", line 176, in pandas._libs.index.IndexEngine.get_loc
  File "pandas/_libs/hashtable_class_helper.pxi", line 7080, in pandas._libs.hashtable.PyObjectHashTable.get_item
  File "pandas/_libs/hashtable_class_helper.pxi", line 7088, in pandas._libs.hashtable.PyObjectHashTable.get_item
KeyError: 'review'

The above exception was the direct cause of the following exception:

Traceback (most recent call last):
  File "/home/airflow/.local/lib/python3.8/site-packages/airflow/models/taskinstance.py", line 433, in _execute_task
    result = execute_callable(context=context, **execute_callable_kwargs)
  File "/home/airflow/.local/lib/python3.8/site-packages/airflow/decorators/base.py", line 241, in execute
    return_value = super().execute(context)
  File "/home/airflow/.local/lib/python3.8/site-packages/airflow/operators/python.py", line 199, in execute
    return_value = self.execute_callable()
  File "/home/airflow/.local/lib/python3.8/site-packages/airflow/operators/python.py", line 216, in execute_callable
    return self.python_callable(*self.op_args, **self.op_kwargs)
  File "/opt/airflow/dags/etl.py", line 43, in extract
    df["review"].to_json(path, orient="values")
  File "/home/airflow/.local/lib/python3.8/site-packages/pandas/core/frame.py", line 3761, in __getitem__
    indexer = self.columns.get_loc(key)
  File "/home/airflow/.local/lib/python3.8/site-packages/pandas/core/indexes/base.py", line 3655, in get_loc
    raise KeyError(key) from err
KeyError: 'review'
[2026-01-20T02:58:31.176+0000] {taskinstance.py:1138} INFO - Marking task as FAILED. dag_id=etl_dag, task_id=extract, execution_date=20260120T025823, start_date=20260120T025827, end_date=20260120T025831
[2026-01-20T02:58:31.200+0000] {standard_task_runner.py:107} ERROR - Failed to execute job 8 for task extract ('review'; 10052)
[2026-01-20T02:58:31.269+0000] {local_task_job_runner.py:234} INFO - Task exited with return code 1
[2026-01-20T02:58:31.298+0000] {taskinstance.py:3280} INFO - 0 downstream tasks scheduled from follow-on schedule check
